<?xml version="1.0" encoding="UTF-8"?>
<testng-results skipped="0" failed="0" ignored="0" total="1" passed="1">
  <reporter-output>
  </reporter-output>
  <suite name="Default suite" duration-ms="80292" started-at="2019-07-23T13:32:27Z" finished-at="2019-07-23T13:33:47Z">
    <groups>
    </groups>
    <test name="Default test" duration-ms="80292" started-at="2019-07-23T13:32:27Z" finished-at="2019-07-23T13:33:47Z">
      <class name="TestCase.AVS">
        <test-method status="PASS" signature="createEstimate()[pri:0, instance:TestCase.AVS@4520ebad]" name="createEstimate" duration-ms="80232" started-at="2019-07-23T13:32:27Z" finished-at="2019-07-23T13:33:47Z">
          <reporter-output>
          </reporter-output>
        </test-method> <!-- createEstimate -->
      </class> <!-- TestCase.AVS -->
    </test> <!-- Default test -->
  </suite> <!-- Default suite -->
</testng-results>
